2019-02-22 09:57:24,256 - <ipython-input-54-d1df005f0f98>[line:64] - ERROR: 'ascii' codec can't encode characters in position 0-3: ordinal not in range(128)
2019-02-22 09:59:55,558 - <ipython-input-56-cbd611940444>[line:64] - ERROR: 'ascii' codec can't encode characters in position 0-2: ordinal not in range(128)
2019-02-22 10:02:24,871 - <ipython-input-56-cbd611940444>[line:64] - ERROR: 'ascii' codec can't encode characters in position 0-2: ordinal not in range(128)
2019-02-22 10:03:52,367 - <ipython-input-59-cbd611940444>[line:64] - ERROR: 'ascii' codec can't encode characters in position 0-2: ordinal not in range(128)
2019-02-22 10:13:21,657 - <ipython-input-61-e934ec8cfafe>[line:64] - ERROR: 'ascii' codec can't encode characters in position 0-2: ordinal not in range(128)
2019-02-22 10:14:08,865 - <ipython-input-2-24d6e5328847>[line:56] - DEBUG: start
2019-02-22 10:14:08,865 - <ipython-input-2-24d6e5328847>[line:57] - DEBUG: http://47.75.194.25:8081/login/1001524403
2019-02-22 10:14:08,970 - <ipython-input-2-24d6e5328847>[line:64] - ERROR: 'ascii' codec can't encode characters in position 0-2: ordinal not in range(128)
2019-02-22 10:14:11,266 - <ipython-input-2-24d6e5328847>[line:89] - INFO: {u'marginClass': u'D', u'mmargin': 0.0, u'commodityPL': 0.0, u'accName': u'WANG XIAO LING', u'todayTrans': 0.0, u'marginPeriod': 0, u'loanLimit': 0.0, u'maxLoanLimit': 0.0, u'maxMargin': 0.0, u'nav': 38717.0, u'imargin': 0.0, u'tradingLimit': 0.0, u'marginCall': 0.0, u'totalFee': 0.0, u'lockupAmt': 0.0, u'loanToMV': 0.0, u'mMargin': 0.0, u'loanToMR': 0.0, u'aeid': u'Z1135', u'ctrlLevel': 0, u'creditLimit': 0.0, u'active': 0, u'buyingPower': 38717.0, u'aEId': u'Z1135', u'iMargin': 0.0, u'accType': 67, u'baseCcy': u'HKD', u'clientId': u'1001524403', u'tradeClass': u'', u'cashBal': 38717.0, u'rawMargin': 0.0}
2019-02-22 10:14:11,374 - <ipython-input-2-24d6e5328847>[line:116] - INFO: {u'msg': u'\u6ca1\u6709\u8ba2\u5355', u'status': 0, u'code': 1, u'data': u''}
2019-02-22 10:16:16,232 - <ipython-input-2-ac8080ecfdd5>[line:56] - DEBUG: http://47.75.194.25:8081/login/1001524403
2019-02-22 10:16:16,345 - <ipython-input-2-ac8080ecfdd5>[line:63] - ERROR: 'ascii' codec can't encode characters in position 0-2: ordinal not in range(128)
2019-02-22 10:16:18,644 - <ipython-input-2-ac8080ecfdd5>[line:88] - INFO: {u'marginClass': u'D', u'mmargin': 0.0, u'commodityPL': 0.0, u'accName': u'WANG XIAO LING', u'todayTrans': 0.0, u'marginPeriod': 0, u'loanLimit': 0.0, u'maxLoanLimit': 0.0, u'maxMargin': 0.0, u'nav': 38717.0, u'imargin': 0.0, u'tradingLimit': 0.0, u'marginCall': 0.0, u'totalFee': 0.0, u'lockupAmt': 0.0, u'loanToMV': 0.0, u'mMargin': 0.0, u'loanToMR': 0.0, u'aeid': u'Z1135', u'ctrlLevel': 0, u'creditLimit': 0.0, u'active': 0, u'buyingPower': 38717.0, u'aEId': u'Z1135', u'iMargin': 0.0, u'accType': 67, u'baseCcy': u'HKD', u'clientId': u'1001524403', u'tradeClass': u'', u'cashBal': 38717.0, u'rawMargin': 0.0}
2019-02-22 10:16:18,755 - <ipython-input-2-ac8080ecfdd5>[line:115] - INFO: {u'msg': u'\u6ca1\u6709\u8ba2\u5355', u'status': 0, u'code': 1, u'data': u''}
2019-02-22 10:16:48,805 - <ipython-input-2-b876e7775ece>[line:56] - DEBUG: http://47.75.194.25:8081/login/1001524403
2019-02-22 10:16:48,913 - <ipython-input-2-b876e7775ece>[line:63] - ERROR: 'ascii' codec can't encode characters in position 0-2: ordinal not in range(128)
2019-02-22 10:16:51,214 - <ipython-input-2-b876e7775ece>[line:88] - INFO: {u'marginClass': u'D', u'mmargin': 0.0, u'commodityPL': 0.0, u'accName': u'WANG XIAO LING', u'todayTrans': 0.0, u'marginPeriod': 0, u'loanLimit': 0.0, u'maxLoanLimit': 0.0, u'maxMargin': 0.0, u'nav': 38717.0, u'imargin': 0.0, u'tradingLimit': 0.0, u'marginCall': 0.0, u'totalFee': 0.0, u'lockupAmt': 0.0, u'loanToMV': 0.0, u'mMargin': 0.0, u'loanToMR': 0.0, u'aeid': u'Z1135', u'ctrlLevel': 0, u'creditLimit': 0.0, u'active': 0, u'buyingPower': 38717.0, u'aEId': u'Z1135', u'iMargin': 0.0, u'accType': 67, u'baseCcy': u'HKD', u'clientId': u'1001524403', u'tradeClass': u'', u'cashBal': 38717.0, u'rawMargin': 0.0}
2019-02-22 10:16:51,312 - <ipython-input-2-b876e7775ece>[line:115] - INFO: {u'msg': u'\u6ca1\u6709\u8ba2\u5355', u'status': 0, u'code': 1, u'data': u''}
2019-02-22 10:54:40,762 - <ipython-input-2-f861dbcdd350>[line:56] - DEBUG: http://47.75.194.25:8081/login/1001524403
2019-02-22 10:54:40,871 - <ipython-input-2-f861dbcdd350>[line:59] - INFO: 已连接
2019-02-22 10:54:43,153 - <ipython-input-2-f861dbcdd350>[line:88] - INFO: {u'marginClass': u'D', u'mmargin': 0.0, u'commodityPL': 0.0, u'accName': u'WANG XIAO LING', u'todayTrans': 0.0, u'marginPeriod': 0, u'loanLimit': 0.0, u'maxLoanLimit': 0.0, u'maxMargin': 0.0, u'nav': 38717.0, u'imargin': 0.0, u'tradingLimit': 0.0, u'marginCall': 0.0, u'totalFee': 0.0, u'lockupAmt': 0.0, u'loanToMV': 0.0, u'mMargin': 0.0, u'loanToMR': 0.0, u'aeid': u'Z1135', u'ctrlLevel': 0, u'creditLimit': 0.0, u'active': 0, u'buyingPower': 38717.0, u'aEId': u'Z1135', u'iMargin': 0.0, u'accType': 67, u'baseCcy': u'HKD', u'clientId': u'1001524403', u'tradeClass': u'', u'cashBal': 38717.0, u'rawMargin': 0.0}
2019-02-22 10:54:43,256 - <ipython-input-2-f861dbcdd350>[line:115] - INFO: {u'msg': u'\u6ca1\u6709\u8ba2\u5355', u'status': 0, u'code': 1, u'data': u''}
2019-02-22 10:58:46,960 - <ipython-input-2-f861dbcdd350>[line:59] - INFO: 已连接
2019-02-22 10:58:49,256 - <ipython-input-2-f861dbcdd350>[line:88] - INFO: {u'marginClass': u'D', u'mmargin': 0.0, u'commodityPL': 0.0, u'accName': u'WANG XIAO LING', u'todayTrans': 0.0, u'marginPeriod': 0, u'loanLimit': 0.0, u'maxLoanLimit': 0.0, u'maxMargin': 0.0, u'nav': 38717.0, u'imargin': 0.0, u'tradingLimit': 0.0, u'marginCall': 0.0, u'totalFee': 0.0, u'lockupAmt': 0.0, u'loanToMV': 0.0, u'mMargin': 0.0, u'loanToMR': 0.0, u'aeid': u'Z1135', u'ctrlLevel': 0, u'creditLimit': 0.0, u'active': 0, u'buyingPower': 38717.0, u'aEId': u'Z1135', u'iMargin': 0.0, u'accType': 67, u'baseCcy': u'HKD', u'clientId': u'1001524403', u'tradeClass': u'', u'cashBal': 38717.0, u'rawMargin': 0.0}
2019-02-22 10:58:49,371 - <ipython-input-2-f861dbcdd350>[line:115] - INFO: {u'msg': u'\u6ca1\u6709\u8ba2\u5355', u'status': 0, u'code': 1, u'data': u''}
2019-02-22 11:08:10,411 - <ipython-input-2-019b7820feef>[line:59] - INFO: 已连接
2019-02-22 11:08:12,687 - <ipython-input-2-019b7820feef>[line:88] - INFO: {u'marginClass': u'D', u'mmargin': 0.0, u'commodityPL': 0.0, u'accName': u'WANG XIAO LING', u'todayTrans': 0.0, u'marginPeriod': 0, u'loanLimit': 0.0, u'maxLoanLimit': 0.0, u'maxMargin': 0.0, u'nav': 38717.0, u'imargin': 0.0, u'tradingLimit': 0.0, u'marginCall': 0.0, u'totalFee': 0.0, u'lockupAmt': 0.0, u'loanToMV': 0.0, u'mMargin': 0.0, u'loanToMR': 0.0, u'aeid': u'Z1135', u'ctrlLevel': 0, u'creditLimit': 0.0, u'active': 0, u'buyingPower': 38717.0, u'aEId': u'Z1135', u'iMargin': 0.0, u'accType': 67, u'baseCcy': u'HKD', u'clientId': u'1001524403', u'tradeClass': u'', u'cashBal': 38717.0, u'rawMargin': 0.0}
2019-02-22 11:08:12,788 - <ipython-input-2-019b7820feef>[line:116] - INFO: {u'msg': u'\u6ca1\u6709\u8ba2\u5355', u'status': 0, u'code': 1, u'data': u''}
2019-02-22 11:09:30,585 - <ipython-input-2-f1fb8e94ca3f>[line:59] - INFO: 已连接
2019-02-22 11:09:32,875 - <ipython-input-2-f1fb8e94ca3f>[line:88] - INFO: {u'marginClass': u'D', u'mmargin': 0.0, u'commodityPL': 0.0, u'accName': u'WANG XIAO LING', u'todayTrans': 0.0, u'marginPeriod': 0, u'loanLimit': 0.0, u'maxLoanLimit': 0.0, u'maxMargin': 0.0, u'nav': 38717.0, u'imargin': 0.0, u'tradingLimit': 0.0, u'marginCall': 0.0, u'totalFee': 0.0, u'lockupAmt': 0.0, u'loanToMV': 0.0, u'mMargin': 0.0, u'loanToMR': 0.0, u'aeid': u'Z1135', u'ctrlLevel': 0, u'creditLimit': 0.0, u'active': 0, u'buyingPower': 38717.0, u'aEId': u'Z1135', u'iMargin': 0.0, u'accType': 67, u'baseCcy': u'HKD', u'clientId': u'1001524403', u'tradeClass': u'', u'cashBal': 38717.0, u'rawMargin': 0.0}
2019-02-22 11:09:32,979 - <ipython-input-2-f1fb8e94ca3f>[line:119] - ERROR: 'ascii' codec can't encode characters in position 0-3: ordinal not in range(128)
2019-02-22 12:10:14,561 - <ipython-input-2-0cab1426e529>[line:59] - INFO: 已连接
2019-02-22 12:10:19,904 - <ipython-input-2-0cab1426e529>[line:88] - INFO: {u'marginClass': u'D', u'mmargin': 0.0, u'commodityPL': 0.0, u'accName': u'WANG XIAO LING', u'todayTrans': 0.0, u'marginPeriod': 0, u'loanLimit': 0.0, u'maxLoanLimit': 0.0, u'maxMargin': 0.0, u'nav': 38717.0, u'imargin': 0.0, u'tradingLimit': 0.0, u'marginCall': 0.0, u'totalFee': 0.0, u'lockupAmt': 0.0, u'loanToMV': 0.0, u'mMargin': 0.0, u'loanToMR': 0.0, u'aeid': u'Z1135', u'ctrlLevel': 0, u'creditLimit': 0.0, u'active': 0, u'buyingPower': 38717.0, u'aEId': u'Z1135', u'iMargin': 0.0, u'accType': 67, u'baseCcy': u'HKD', u'clientId': u'1001524403', u'tradeClass': u'', u'cashBal': 38717.0, u'rawMargin': 0.0}
2019-02-22 12:10:20,006 - <ipython-input-2-0cab1426e529>[line:116] - INFO: {u'msg': u'\u6ca1\u6709\u8ba2\u5355', u'status': 0, u'code': 1, u'data': u''}
2019-02-22 12:13:33,188 - <ipython-input-7-c9840609e37b>[line:1] - INFO: 没有订单
2019-02-22 12:20:51,380 - <ipython-input-4-c9840609e37b>[line:1] - INFO: 没有订单
2019-02-22 12:21:22,941 - <ipython-input-5-45d6f4bd3c16>[line:1] - INFO: {'a': '\xe6\xb2\xa1\xe6\x9c\x89\xe8\xae\xa2\xe5\x8d\x95'}
2019-02-22 12:21:41,575 - <ipython-input-6-aaedaefe07a7>[line:1] - INFO: {'a': '\xe6\xb2\xa1\xe6\x9c\x89\xe8\xae\xa2\xe5\x8d\x95'}
2019-02-22 12:22:05,770 - <ipython-input-7-14aad3ecba23>[line:1] - INFO: {'a': '\xe6\xb2\xa1\xe6\x9c\x89\xe8\xae\xa2\xe5\x8d\x95'}
2019-02-22 12:22:11,286 - <ipython-input-8-581573ddfe08>[line:1] - INFO: {'a': '\xe6\xb2\xa1\xe6\x9c\x89\xe8\xae\xa2\xe5\x8d\x95'}
2019-02-22 12:22:17,542 - <ipython-input-9-09c9c8ae6808>[line:1] - INFO: {'a': '\xe6\xb2\xa1\xe6\x9c\x89\xe8\xae\xa2\xe5\x8d\x95'}
2019-02-22 16:15:46,546 - <ipython-input-10-aaedaefe07a7>[line:1] - INFO: {'a': '\xe6\xb2\xa1\xe6\x9c\x89\xe8\xae\xa2\xe5\x8d\x95'}
